# 71329 = { #DUPLICATE CHARACTER ID, FIND A NEW ONE
# 	name = "Alfonsu" # Alfonso Muñoz, Baron of Cea (1051-1059)
# 	dynasty = alfonso # Alfonso Dynasty
# 	religion = catholic
# 	culture = asturleonese
# 	trait = education_stewardship_2

# 	father = asturleonese0231 # Munio Alfonso
# 	mother = asturleonese0232 # Muniadona Godestéiz

# 	1018.1.1 = {
# 		birth = yes
# 	}
# 	1038.1.1 = {
# 		add_spouse = 71330 # Ildonza González
# 	}
# 	1051.1.1 = {
# 		effect = {
# 			set_relation_lover = { reason = lover_history target = character:asturleonese0239 # Fronilde
# 		}
# 	}
# 	1059.1.1 = {
# 		death = yes
# 	}
# }

# 71330 = { #DUPLICATE CHARACTER ID, FIND A NEW ONE
# 	name = "Aldonza" # Aldonza González, wife of Baron Alfonso Muñoz of Cea (71329)
# 	female = yes
# 	dynasty = gonzalo_munoz # Gonzalo Muñoz Dynasty
# 	religion = catholic
# 	culture = asturleonese
# 	trait = education_diplomacy_2

# 	father = asturleonese0297 # Gonzalo Muñoz

# 	1019.1.1 = {
# 		birth = yes
# 	}
# 	1097.6.4 = {
# 		death = yes
# 	}
# }

# 71331 = { #DUPLICATE CHARACTER ID, FIND A NEW ONE
# 	name = "MartI_n" # Martín Alfonso, Baron of Cea (1059-1091) & Simancas (1072-1091)
# 	dynasty = alfonso # Alfonso Dynasty
# 	religion = catholic
# 	culture = asturleonese
# 	trait = education_diplomacy_2

# 	father = 71329 # Baron Alfonso Muñoz of Cea
# 	mother = 71330 # Baroness Ildonza González

# 	1039.1.1 = {
# 		birth = yes
# 	}
# 	1060.1.1 = {
# 		add_spouse = asturleonese0233 # Oneca
# 	}
# 	1091.1.1 = {
# 		death = yes
# 	}
# }

# 71332 = { #DUPLICATE CHARACTER ID, FIND A NEW ONE
# 	name = "Urraca" # Urraca Martínez
# 	female = yes
# 	dynasty = alfonso # Alfonso Dynasty
# 	religion = catholic
# 	culture = asturleonese
# 	trait = education_diplomacy_1

# 	father = 71331 # Baron Martín Alfonso of Cea
# 	mother = asturleonese0233 # Baroness Oneca

# 	1061.1.1 = {
# 		birth = yes
# 	}
# 	1091.1.1 = {
# 		death = yes
# 	}
# }